2025-04-14 20:58:58,563 - Master - INFO - Active Crawler Nodes: [1, 2, 3]
2025-04-14 20:58:58,564 - Master - INFO - Active Indexer Nodes: [4]
2025-04-14 20:58:58,648 - Master - INFO - Active Crawler Nodes: [1, 2, 3]
2025-04-14 20:58:58,648 - Master - INFO - Active Indexer Nodes: [4]
2025-04-14 20:58:58,705 - Master - INFO - Active Crawler Nodes: [1, 2, 3]
2025-04-14 20:58:58,706 - Master - INFO - Active Indexer Nodes: [4]
2025-04-14 20:58:58,707 - Master - INFO - Active Crawler Nodes: [1, 2, 3]
2025-04-14 20:58:58,708 - Master - INFO - Active Indexer Nodes: [4]
2025-04-14 20:58:58,728 - Master - INFO - Active Crawler Nodes: [1, 2, 3]
2025-04-14 20:58:58,729 - Master - INFO - Active Indexer Nodes: [4]
2025-04-14 20:59:00,093 - Master - INFO - Status: Queue=2, In Progress=0, Completed=0, Failed=0
2025-04-14 20:59:00,164 - Master - INFO - Status: Queue=2, In Progress=0, Completed=0, Failed=0
2025-04-14 20:59:00,125 - Master - INFO - Status: Queue=2, In Progress=0, Completed=0, Failed=0
2025-04-14 20:59:00,145 - Master - INFO - Status: Queue=2, In Progress=0, Completed=0, Failed=0
2025-04-14 20:59:00,156 - Master - INFO - Status: Queue=2, In Progress=0, Completed=0, Failed=0
2025-04-14 20:59:00,285 - Master - INFO - Status: Queue=2, In Progress=0, Completed=0, Failed=0
2025-04-14 20:59:00,286 - Master - INFO - Status: Queue=2, In Progress=0, Completed=0, Failed=0
2025-04-14 20:59:00,286 - Master - INFO - Status: Queue=2, In Progress=0, Completed=0, Failed=0
2025-04-14 20:59:00,286 - Master - INFO - Status: Queue=2, In Progress=0, Completed=0, Failed=0
2025-04-14 20:59:00,387 - Master - INFO - Status: Queue=2, In Progress=0, Completed=0, Failed=0
2025-04-14 20:59:00,388 - Master - INFO - Status: Queue=2, In Progress=0, Completed=0, Failed=0
2025-04-14 20:59:00,391 - Master - INFO - Status: Queue=2, In Progress=0, Completed=0, Failed=0
2025-04-14 20:59:00,391 - Master - INFO - Status: Queue=2, In Progress=0, Completed=0, Failed=0
2025-04-14 20:59:00,392 - Master - INFO - Status: Queue=2, In Progress=0, Completed=0, Failed=0
2025-04-14 20:59:00,491 - Master - INFO - Status: Queue=2, In Progress=0, Completed=0, Failed=0
2025-04-14 20:59:00,495 - Master - INFO - Status: Queue=2, In Progress=0, Completed=0, Failed=0
2025-04-14 20:59:00,504 - Master - INFO - Status: Queue=2, In Progress=0, Completed=0, Failed=0
2025-04-14 20:59:00,505 - Master - INFO - Status: Queue=2, In Progress=0, Completed=0, Failed=0
2025-04-14 20:59:00,518 - Master - INFO - Status: Queue=2, In Progress=0, Completed=0, Failed=0
2025-04-14 20:59:00,593 - Master - INFO - Status: Queue=2, In Progress=0, Completed=0, Failed=0
2025-04-14 20:59:00,596 - Master - INFO - Status: Queue=2, In Progress=0, Completed=0, Failed=0
2025-04-14 20:59:00,607 - Master - INFO - Status: Queue=2, In Progress=0, Completed=0, Failed=0
2025-04-14 20:59:00,621 - Master - INFO - Status: Queue=2, In Progress=0, Completed=0, Failed=0
2025-04-14 20:59:00,694 - Master - INFO - Status: Queue=2, In Progress=0, Completed=0, Failed=0
2025-04-14 20:59:00,702 - Master - INFO - Status: Queue=2, In Progress=0, Completed=0, Failed=0
2025-04-14 20:59:00,714 - Master - INFO - Status: Queue=2, In Progress=0, Completed=0, Failed=0
2025-04-14 20:59:00,722 - Master - INFO - Status: Queue=2, In Progress=0, Completed=0, Failed=0
2025-04-14 20:59:00,796 - Master - INFO - Status: Queue=2, In Progress=0, Completed=0, Failed=0
2025-04-14 20:59:00,818 - Master - INFO - Status: Queue=2, In Progress=0, Completed=0, Failed=0
2025-04-14 20:59:00,819 - Master - INFO - Status: Queue=2, In Progress=0, Completed=0, Failed=0
2025-04-14 20:59:00,825 - Master - INFO - Status: Queue=2, In Progress=0, Completed=0, Failed=0
2025-04-14 20:59:00,904 - Master - INFO - Status: Queue=2, In Progress=0, Completed=0, Failed=0
2025-04-14 20:59:00,923 - Master - INFO - Status: Queue=2, In Progress=0, Completed=0, Failed=0
2025-04-14 20:59:00,923 - Master - INFO - Status: Queue=2, In Progress=0, Completed=0, Failed=0
2025-04-14 20:59:00,926 - Master - INFO - Status: Queue=2, In Progress=0, Completed=0, Failed=0
2025-04-14 21:00:00,046 - Master - INFO - Status: Queue=2, In Progress=0, Completed=0, Failed=0
2025-04-14 21:00:00,047 - Master - INFO - Status: Queue=2, In Progress=0, Completed=0, Failed=0
2025-04-14 21:00:00,048 - Master - INFO - Status: Queue=2, In Progress=0, Completed=0, Failed=0
2025-04-14 21:00:00,147 - Master - INFO - Status: Queue=2, In Progress=0, Completed=0, Failed=0
2025-04-14 21:00:00,148 - Master - INFO - Status: Queue=2, In Progress=0, Completed=0, Failed=0
2025-04-14 21:00:00,248 - Master - INFO - Status: Queue=2, In Progress=0, Completed=0, Failed=0
2025-04-14 21:00:00,248 - Master - INFO - Status: Queue=2, In Progress=0, Completed=0, Failed=0
2025-04-14 21:00:00,248 - Master - INFO - Status: Queue=2, In Progress=0, Completed=0, Failed=0
2025-04-14 21:00:00,249 - Master - INFO - Status: Queue=2, In Progress=0, Completed=0, Failed=0
2025-04-14 21:00:00,348 - Master - INFO - Status: Queue=2, In Progress=0, Completed=0, Failed=0
2025-04-14 21:00:00,348 - Master - INFO - Status: Queue=2, In Progress=0, Completed=0, Failed=0
2025-04-14 21:00:00,350 - Master - INFO - Status: Queue=2, In Progress=0, Completed=0, Failed=0
2025-04-14 21:00:00,449 - Master - INFO - Status: Queue=2, In Progress=0, Completed=0, Failed=0
2025-04-14 21:00:00,449 - Master - INFO - Status: Queue=2, In Progress=0, Completed=0, Failed=0
2025-04-14 21:00:00,449 - Master - INFO - Status: Queue=2, In Progress=0, Completed=0, Failed=0
2025-04-14 21:00:00,450 - Master - INFO - Status: Queue=2, In Progress=0, Completed=0, Failed=0
2025-04-14 21:00:00,549 - Master - INFO - Status: Queue=2, In Progress=0, Completed=0, Failed=0
2025-04-14 21:00:00,550 - Master - INFO - Status: Queue=2, In Progress=0, Completed=0, Failed=0
2025-04-14 21:00:00,551 - Master - INFO - Status: Queue=2, In Progress=0, Completed=0, Failed=0
2025-04-14 21:00:00,650 - Master - INFO - Status: Queue=2, In Progress=0, Completed=0, Failed=0
2025-04-14 21:00:00,650 - Master - INFO - Status: Queue=2, In Progress=0, Completed=0, Failed=0
2025-04-14 21:00:00,650 - Master - INFO - Status: Queue=2, In Progress=0, Completed=0, Failed=0
2025-04-14 21:00:00,651 - Master - INFO - Status: Queue=2, In Progress=0, Completed=0, Failed=0
2025-04-14 21:00:00,751 - Master - INFO - Status: Queue=2, In Progress=0, Completed=0, Failed=0
2025-04-14 21:00:00,751 - Master - INFO - Status: Queue=2, In Progress=0, Completed=0, Failed=0
2025-04-14 21:00:00,752 - Master - INFO - Status: Queue=2, In Progress=0, Completed=0, Failed=0
2025-04-14 21:00:00,851 - Master - INFO - Status: Queue=2, In Progress=0, Completed=0, Failed=0
2025-04-14 21:00:00,851 - Master - INFO - Status: Queue=2, In Progress=0, Completed=0, Failed=0
2025-04-14 21:00:00,851 - Master - INFO - Status: Queue=2, In Progress=0, Completed=0, Failed=0
2025-04-14 21:00:00,852 - Master - INFO - Status: Queue=2, In Progress=0, Completed=0, Failed=0
2025-04-14 21:00:00,952 - Master - INFO - Status: Queue=2, In Progress=0, Completed=0, Failed=0
2025-04-14 21:00:00,952 - Master - INFO - Status: Queue=2, In Progress=0, Completed=0, Failed=0
2025-04-14 21:00:00,952 - Master - INFO - Status: Queue=2, In Progress=0, Completed=0, Failed=0
2025-04-14 21:00:00,953 - Master - INFO - Status: Queue=2, In Progress=0, Completed=0, Failed=0
2025-04-14 21:01:00,048 - Master - INFO - Status: Queue=2, In Progress=0, Completed=0, Failed=0
2025-04-14 21:01:00,071 - Master - INFO - Status: Queue=2, In Progress=0, Completed=0, Failed=0
2025-04-14 21:01:00,071 - Master - INFO - Status: Queue=2, In Progress=0, Completed=0, Failed=0
2025-04-14 21:01:00,149 - Master - INFO - Status: Queue=2, In Progress=0, Completed=0, Failed=0
2025-04-14 21:01:00,172 - Master - INFO - Status: Queue=2, In Progress=0, Completed=0, Failed=0
2025-04-14 21:01:00,250 - Master - INFO - Status: Queue=2, In Progress=0, Completed=0, Failed=0
2025-04-14 21:01:00,272 - Master - INFO - Status: Queue=2, In Progress=0, Completed=0, Failed=0
2025-04-14 21:01:00,350 - Master - INFO - Status: Queue=2, In Progress=0, Completed=0, Failed=0
2025-04-14 21:01:00,373 - Master - INFO - Status: Queue=2, In Progress=0, Completed=0, Failed=0
2025-04-14 21:01:00,451 - Master - INFO - Status: Queue=2, In Progress=0, Completed=0, Failed=0
2025-04-14 21:01:00,473 - Master - INFO - Status: Queue=2, In Progress=0, Completed=0, Failed=0
2025-04-14 21:01:00,552 - Master - INFO - Status: Queue=2, In Progress=0, Completed=0, Failed=0
2025-04-14 21:01:00,574 - Master - INFO - Status: Queue=2, In Progress=0, Completed=0, Failed=0
2025-04-14 21:01:00,652 - Master - INFO - Status: Queue=2, In Progress=0, Completed=0, Failed=0
2025-04-14 21:01:00,675 - Master - INFO - Status: Queue=2, In Progress=0, Completed=0, Failed=0
2025-04-14 21:01:00,753 - Master - INFO - Status: Queue=2, In Progress=0, Completed=0, Failed=0
2025-04-14 21:01:00,775 - Master - INFO - Status: Queue=2, In Progress=0, Completed=0, Failed=0
2025-04-14 21:01:00,854 - Master - INFO - Status: Queue=2, In Progress=0, Completed=0, Failed=0
2025-04-14 21:01:00,876 - Master - INFO - Status: Queue=2, In Progress=0, Completed=0, Failed=0
2025-04-14 21:01:00,954 - Master - INFO - Status: Queue=2, In Progress=0, Completed=0, Failed=0
2025-04-14 21:01:00,976 - Master - INFO - Status: Queue=2, In Progress=0, Completed=0, Failed=0
2025-04-14 21:02:00,012 - Master - INFO - Status: Queue=2, In Progress=0, Completed=0, Failed=0
2025-04-14 21:02:00,014 - Master - INFO - Status: Queue=2, In Progress=0, Completed=0, Failed=0
2025-04-14 21:02:00,113 - Master - INFO - Status: Queue=2, In Progress=0, Completed=0, Failed=0
2025-04-14 21:02:00,115 - Master - INFO - Status: Queue=2, In Progress=0, Completed=0, Failed=0
2025-04-14 21:02:00,115 - Master - INFO - Status: Queue=2, In Progress=0, Completed=0, Failed=0
2025-04-14 21:02:00,213 - Master - INFO - Status: Queue=2, In Progress=0, Completed=0, Failed=0
2025-04-14 21:02:00,215 - Master - INFO - Status: Queue=2, In Progress=0, Completed=0, Failed=0
2025-04-14 21:02:00,216 - Master - INFO - Status: Queue=2, In Progress=0, Completed=0, Failed=0
2025-04-14 21:02:00,314 - Master - INFO - Status: Queue=2, In Progress=0, Completed=0, Failed=0
2025-04-14 21:02:00,318 - Master - INFO - Status: Queue=2, In Progress=0, Completed=0, Failed=0
2025-04-14 21:02:00,319 - Master - INFO - Status: Queue=2, In Progress=0, Completed=0, Failed=0
2025-04-14 21:02:00,415 - Master - INFO - Status: Queue=2, In Progress=0, Completed=0, Failed=0
2025-04-14 21:02:00,420 - Master - INFO - Status: Queue=2, In Progress=0, Completed=0, Failed=0
2025-04-14 21:02:00,421 - Master - INFO - Status: Queue=2, In Progress=0, Completed=0, Failed=0
2025-04-14 21:02:00,515 - Master - INFO - Status: Queue=2, In Progress=0, Completed=0, Failed=0
2025-04-14 21:02:00,520 - Master - INFO - Status: Queue=2, In Progress=0, Completed=0, Failed=0
2025-04-14 21:02:00,521 - Master - INFO - Status: Queue=2, In Progress=0, Completed=0, Failed=0
2025-04-14 21:02:00,617 - Master - INFO - Status: Queue=2, In Progress=0, Completed=0, Failed=0
2025-04-14 21:02:00,621 - Master - INFO - Status: Queue=2, In Progress=0, Completed=0, Failed=0
2025-04-14 21:02:00,622 - Master - INFO - Status: Queue=2, In Progress=0, Completed=0, Failed=0
2025-04-14 21:02:00,718 - Master - INFO - Status: Queue=2, In Progress=0, Completed=0, Failed=0
2025-04-14 21:02:00,722 - Master - INFO - Status: Queue=2, In Progress=0, Completed=0, Failed=0
2025-04-14 21:02:00,723 - Master - INFO - Status: Queue=2, In Progress=0, Completed=0, Failed=0
2025-04-14 21:02:00,819 - Master - INFO - Status: Queue=2, In Progress=0, Completed=0, Failed=0
2025-04-14 21:02:00,822 - Master - INFO - Status: Queue=2, In Progress=0, Completed=0, Failed=0
2025-04-14 21:02:00,823 - Master - INFO - Status: Queue=2, In Progress=0, Completed=0, Failed=0
2025-04-14 21:02:00,920 - Master - INFO - Status: Queue=2, In Progress=0, Completed=0, Failed=0
2025-04-14 21:02:00,923 - Master - INFO - Status: Queue=2, In Progress=0, Completed=0, Failed=0
2025-04-14 21:02:00,923 - Master - INFO - Status: Queue=2, In Progress=0, Completed=0, Failed=0
2025-04-14 21:02:00,924 - Master - INFO - Status: Queue=2, In Progress=0, Completed=0, Failed=0
2025-04-14 21:03:00,081 - Master - INFO - Status: Queue=2, In Progress=0, Completed=0, Failed=0
2025-04-14 21:03:00,082 - Master - INFO - Status: Queue=2, In Progress=0, Completed=0, Failed=0
2025-04-14 21:03:00,082 - Master - INFO - Status: Queue=2, In Progress=0, Completed=0, Failed=0
2025-04-14 21:03:00,182 - Master - INFO - Status: Queue=2, In Progress=0, Completed=0, Failed=0
2025-04-14 21:03:00,182 - Master - INFO - Status: Queue=2, In Progress=0, Completed=0, Failed=0
2025-04-14 21:03:00,182 - Master - INFO - Status: Queue=2, In Progress=0, Completed=0, Failed=0
2025-04-14 21:03:00,282 - Master - INFO - Status: Queue=2, In Progress=0, Completed=0, Failed=0
2025-04-14 21:03:00,283 - Master - INFO - Status: Queue=2, In Progress=0, Completed=0, Failed=0
2025-04-14 21:03:00,383 - Master - INFO - Status: Queue=2, In Progress=0, Completed=0, Failed=0
2025-04-14 21:03:00,384 - Master - INFO - Status: Queue=2, In Progress=0, Completed=0, Failed=0
2025-04-14 21:03:00,384 - Master - INFO - Status: Queue=2, In Progress=0, Completed=0, Failed=0
2025-04-14 21:03:00,483 - Master - INFO - Status: Queue=2, In Progress=0, Completed=0, Failed=0
2025-04-14 21:03:00,484 - Master - INFO - Status: Queue=2, In Progress=0, Completed=0, Failed=0
2025-04-14 21:03:00,584 - Master - INFO - Status: Queue=2, In Progress=0, Completed=0, Failed=0
2025-04-14 21:03:00,585 - Master - INFO - Status: Queue=2, In Progress=0, Completed=0, Failed=0
2025-04-14 21:03:00,585 - Master - INFO - Status: Queue=2, In Progress=0, Completed=0, Failed=0
2025-04-14 21:03:00,685 - Master - INFO - Status: Queue=2, In Progress=0, Completed=0, Failed=0
2025-04-14 21:03:00,685 - Master - INFO - Status: Queue=2, In Progress=0, Completed=0, Failed=0
2025-04-14 21:03:00,685 - Master - INFO - Status: Queue=2, In Progress=0, Completed=0, Failed=0
2025-04-14 21:03:00,785 - Master - INFO - Status: Queue=2, In Progress=0, Completed=0, Failed=0
2025-04-14 21:03:00,786 - Master - INFO - Status: Queue=2, In Progress=0, Completed=0, Failed=0
2025-04-14 21:03:00,886 - Master - INFO - Status: Queue=2, In Progress=0, Completed=0, Failed=0
2025-04-14 21:03:00,886 - Master - INFO - Status: Queue=2, In Progress=0, Completed=0, Failed=0
2025-04-14 21:03:00,886 - Master - INFO - Status: Queue=2, In Progress=0, Completed=0, Failed=0
2025-04-14 21:03:00,886 - Master - INFO - Status: Queue=2, In Progress=0, Completed=0, Failed=0
2025-04-14 21:03:00,986 - Master - INFO - Status: Queue=2, In Progress=0, Completed=0, Failed=0
2025-04-14 21:03:00,986 - Master - INFO - Status: Queue=2, In Progress=0, Completed=0, Failed=0
2025-04-14 21:03:00,987 - Master - INFO - Status: Queue=2, In Progress=0, Completed=0, Failed=0
2025-04-14 21:03:00,987 - Master - INFO - Status: Queue=2, In Progress=0, Completed=0, Failed=0
2025-04-14 21:03:00,987 - Master - INFO - Status: Queue=2, In Progress=0, Completed=0, Failed=0
2025-04-14 21:08:37,857 - Master - INFO - Active Crawler Nodes: [1]
2025-04-14 21:08:37,857 - Master - INFO - Active Crawler Nodes: [1]
2025-04-14 21:08:37,857 - Master - INFO - Active Indexer Nodes: [2]
2025-04-14 21:08:37,857 - Master - INFO - Active Indexer Nodes: [2]
2025-04-14 21:08:37,858 - Master - INFO - Active Crawler Nodes: [1]
2025-04-14 21:08:37,859 - Master - INFO - Active Indexer Nodes: [2]
2025-04-14 21:09:00,069 - Master - INFO - Status: Queue=2, In Progress=0, Completed=0, Failed=0
2025-04-14 21:09:00,069 - Master - INFO - Status: Queue=2, In Progress=0, Completed=0, Failed=0
2025-04-14 21:09:00,069 - Master - INFO - Status: Queue=2, In Progress=0, Completed=0, Failed=0
2025-04-14 21:09:00,171 - Master - INFO - Status: Queue=2, In Progress=0, Completed=0, Failed=0
2025-04-14 21:09:00,170 - Master - INFO - Status: Queue=2, In Progress=0, Completed=0, Failed=0
2025-04-14 21:09:00,171 - Master - INFO - Status: Queue=2, In Progress=0, Completed=0, Failed=0
2025-04-14 21:09:00,272 - Master - INFO - Status: Queue=2, In Progress=0, Completed=0, Failed=0
2025-04-14 21:09:00,272 - Master - INFO - Status: Queue=2, In Progress=0, Completed=0, Failed=0
2025-04-14 21:09:00,272 - Master - INFO - Status: Queue=2, In Progress=0, Completed=0, Failed=0
2025-04-14 21:09:00,373 - Master - INFO - Status: Queue=2, In Progress=0, Completed=0, Failed=0
2025-04-14 21:09:00,375 - Master - INFO - Status: Queue=2, In Progress=0, Completed=0, Failed=0
2025-04-14 21:09:00,377 - Master - INFO - Status: Queue=2, In Progress=0, Completed=0, Failed=0
2025-04-14 21:09:00,473 - Master - INFO - Status: Queue=2, In Progress=0, Completed=0, Failed=0
2025-04-14 21:09:00,475 - Master - INFO - Status: Queue=2, In Progress=0, Completed=0, Failed=0
2025-04-14 21:09:00,479 - Master - INFO - Status: Queue=2, In Progress=0, Completed=0, Failed=0
2025-04-14 21:09:00,575 - Master - INFO - Status: Queue=2, In Progress=0, Completed=0, Failed=0
2025-04-14 21:09:00,576 - Master - INFO - Status: Queue=2, In Progress=0, Completed=0, Failed=0
2025-04-14 21:09:00,579 - Master - INFO - Status: Queue=2, In Progress=0, Completed=0, Failed=0
2025-04-14 21:09:00,676 - Master - INFO - Status: Queue=2, In Progress=0, Completed=0, Failed=0
2025-04-14 21:09:00,677 - Master - INFO - Status: Queue=2, In Progress=0, Completed=0, Failed=0
2025-04-14 21:09:00,680 - Master - INFO - Status: Queue=2, In Progress=0, Completed=0, Failed=0
2025-04-14 21:09:00,778 - Master - INFO - Status: Queue=2, In Progress=0, Completed=0, Failed=0
2025-04-14 21:09:00,779 - Master - INFO - Status: Queue=2, In Progress=0, Completed=0, Failed=0
2025-04-14 21:09:00,782 - Master - INFO - Status: Queue=2, In Progress=0, Completed=0, Failed=0
2025-04-14 21:09:00,881 - Master - INFO - Status: Queue=2, In Progress=0, Completed=0, Failed=0
2025-04-14 21:09:00,883 - Master - INFO - Status: Queue=2, In Progress=0, Completed=0, Failed=0
2025-04-14 21:09:00,885 - Master - INFO - Status: Queue=2, In Progress=0, Completed=0, Failed=0
2025-04-14 21:09:00,982 - Master - INFO - Status: Queue=2, In Progress=0, Completed=0, Failed=0
2025-04-14 21:09:00,984 - Master - INFO - Status: Queue=2, In Progress=0, Completed=0, Failed=0
2025-04-14 21:09:00,986 - Master - INFO - Status: Queue=2, In Progress=0, Completed=0, Failed=0
2025-04-14 21:10:25,061 - Master - INFO - Active Crawler Nodes: [1]
2025-04-14 21:10:25,061 - Master - INFO - Active Indexer Nodes: [2]
2025-04-14 21:10:25,062 - Master - INFO - Active Crawler Nodes: [1]
2025-04-14 21:10:25,062 - Master - INFO - Active Crawler Nodes: [1]
2025-04-14 21:10:25,062 - Master - INFO - Active Indexer Nodes: [2]
2025-04-14 21:10:25,062 - Master - INFO - Active Indexer Nodes: [2]
2025-04-14 21:13:08,396 - Master - INFO - Loaded configuration: {'seed_urls': ['google.com'], 'max_depth': 3, 'max_pages_per_domain': 1000, 'respect_robots': False, 'crawl_delay': 1.0, 'allowed_domains': [''], 'start_time': '2025-04-14T21:13:07.924837'}
2025-04-14 21:13:08,396 - Master - INFO - Active Crawler Nodes: [1]
2025-04-14 21:13:08,396 - Master - INFO - Active Indexer Nodes: [2]
2025-04-14 21:13:08,401 - Master - INFO - Loaded configuration: {'seed_urls': ['google.com'], 'max_depth': 3, 'max_pages_per_domain': 1000, 'respect_robots': False, 'crawl_delay': 1.0, 'allowed_domains': [''], 'start_time': '2025-04-14T21:13:07.924837'}
2025-04-14 21:13:08,402 - Master - INFO - Active Crawler Nodes: [1]
2025-04-14 21:13:08,403 - Master - INFO - Active Indexer Nodes: [2]
2025-04-14 21:13:08,402 - Master - INFO - Loaded configuration: {'seed_urls': ['google.com'], 'max_depth': 3, 'max_pages_per_domain': 1000, 'respect_robots': False, 'crawl_delay': 1.0, 'allowed_domains': [''], 'start_time': '2025-04-14T21:13:07.924837'}
2025-04-14 21:13:08,403 - Master - INFO - Active Crawler Nodes: [1]
2025-04-14 21:13:08,404 - Master - INFO - Active Indexer Nodes: [2]
2025-04-14 21:14:00,068 - Master - INFO - Status: Queue=1, In Progress=0, Completed=0, Failed=0
2025-04-14 21:14:00,068 - Master - INFO - Status: Queue=1, In Progress=0, Completed=0, Failed=0
2025-04-14 21:14:00,070 - Master - INFO - Status: Queue=1, In Progress=0, Completed=0, Failed=0
2025-04-14 21:14:00,169 - Master - INFO - Status: Queue=1, In Progress=0, Completed=0, Failed=0
2025-04-14 21:14:00,169 - Master - INFO - Status: Queue=1, In Progress=0, Completed=0, Failed=0
2025-04-14 21:14:00,171 - Master - INFO - Status: Queue=1, In Progress=0, Completed=0, Failed=0
2025-04-14 21:14:00,269 - Master - INFO - Status: Queue=1, In Progress=0, Completed=0, Failed=0
2025-04-14 21:14:00,270 - Master - INFO - Status: Queue=1, In Progress=0, Completed=0, Failed=0
2025-04-14 21:14:00,272 - Master - INFO - Status: Queue=1, In Progress=0, Completed=0, Failed=0
2025-04-14 21:14:00,371 - Master - INFO - Status: Queue=1, In Progress=0, Completed=0, Failed=0
2025-04-14 21:14:00,373 - Master - INFO - Status: Queue=1, In Progress=0, Completed=0, Failed=0
2025-04-14 21:14:00,471 - Master - INFO - Status: Queue=1, In Progress=0, Completed=0, Failed=0
2025-04-14 21:14:00,473 - Master - INFO - Status: Queue=1, In Progress=0, Completed=0, Failed=0
2025-04-14 21:14:00,572 - Master - INFO - Status: Queue=1, In Progress=0, Completed=0, Failed=0
2025-04-14 21:14:00,574 - Master - INFO - Status: Queue=1, In Progress=0, Completed=0, Failed=0
2025-04-14 21:14:00,674 - Master - INFO - Status: Queue=1, In Progress=0, Completed=0, Failed=0
2025-04-14 21:14:00,676 - Master - INFO - Status: Queue=1, In Progress=0, Completed=0, Failed=0
2025-04-14 21:14:00,774 - Master - INFO - Status: Queue=1, In Progress=0, Completed=0, Failed=0
2025-04-14 21:14:00,777 - Master - INFO - Status: Queue=1, In Progress=0, Completed=0, Failed=0
2025-04-14 21:14:00,875 - Master - INFO - Status: Queue=1, In Progress=0, Completed=0, Failed=0
2025-04-14 21:14:00,878 - Master - INFO - Status: Queue=1, In Progress=0, Completed=0, Failed=0
2025-04-14 21:14:00,976 - Master - INFO - Status: Queue=1, In Progress=0, Completed=0, Failed=0
2025-04-14 21:14:00,980 - Master - INFO - Status: Queue=1, In Progress=0, Completed=0, Failed=0
2025-04-14 21:15:00,094 - Master - INFO - Status: Queue=1, In Progress=0, Completed=0, Failed=0
2025-04-14 21:15:00,094 - Master - INFO - Status: Queue=1, In Progress=0, Completed=0, Failed=0
2025-04-14 21:15:00,095 - Master - INFO - Status: Queue=1, In Progress=0, Completed=0, Failed=0
2025-04-14 21:15:00,196 - Master - INFO - Status: Queue=1, In Progress=0, Completed=0, Failed=0
2025-04-14 21:15:00,197 - Master - INFO - Status: Queue=1, In Progress=0, Completed=0, Failed=0
2025-04-14 21:15:00,196 - Master - INFO - Status: Queue=1, In Progress=0, Completed=0, Failed=0
2025-04-14 21:15:00,297 - Master - INFO - Status: Queue=1, In Progress=0, Completed=0, Failed=0
2025-04-14 21:15:00,297 - Master - INFO - Status: Queue=1, In Progress=0, Completed=0, Failed=0
2025-04-14 21:15:00,397 - Master - INFO - Status: Queue=1, In Progress=0, Completed=0, Failed=0
2025-04-14 21:15:00,398 - Master - INFO - Status: Queue=1, In Progress=0, Completed=0, Failed=0
2025-04-14 21:15:00,498 - Master - INFO - Status: Queue=1, In Progress=0, Completed=0, Failed=0
2025-04-14 21:15:00,499 - Master - INFO - Status: Queue=1, In Progress=0, Completed=0, Failed=0
2025-04-14 21:15:00,598 - Master - INFO - Status: Queue=1, In Progress=0, Completed=0, Failed=0
2025-04-14 21:15:00,600 - Master - INFO - Status: Queue=1, In Progress=0, Completed=0, Failed=0
2025-04-14 21:15:00,600 - Master - INFO - Status: Queue=1, In Progress=0, Completed=0, Failed=0
2025-04-14 21:15:00,699 - Master - INFO - Status: Queue=1, In Progress=0, Completed=0, Failed=0
2025-04-14 21:15:00,700 - Master - INFO - Status: Queue=1, In Progress=0, Completed=0, Failed=0
2025-04-14 21:15:00,700 - Master - INFO - Status: Queue=1, In Progress=0, Completed=0, Failed=0
2025-04-14 21:15:00,799 - Master - INFO - Status: Queue=1, In Progress=0, Completed=0, Failed=0
2025-04-14 21:15:00,801 - Master - INFO - Status: Queue=1, In Progress=0, Completed=0, Failed=0
2025-04-14 21:15:00,900 - Master - INFO - Status: Queue=1, In Progress=0, Completed=0, Failed=0
2025-04-14 21:15:00,902 - Master - INFO - Status: Queue=1, In Progress=0, Completed=0, Failed=0
2025-04-14 21:16:00,012 - Master - INFO - Status: Queue=1, In Progress=0, Completed=0, Failed=0
2025-04-14 21:16:00,017 - Master - INFO - Status: Queue=1, In Progress=0, Completed=0, Failed=0
2025-04-14 21:16:00,023 - Master - INFO - Status: Queue=1, In Progress=0, Completed=0, Failed=0
2025-04-14 21:16:00,112 - Master - INFO - Status: Queue=1, In Progress=0, Completed=0, Failed=0
2025-04-14 21:16:00,118 - Master - INFO - Status: Queue=1, In Progress=0, Completed=0, Failed=0
2025-04-14 21:16:00,125 - Master - INFO - Status: Queue=1, In Progress=0, Completed=0, Failed=0
2025-04-14 21:16:00,213 - Master - INFO - Status: Queue=1, In Progress=0, Completed=0, Failed=0
2025-04-14 21:16:00,218 - Master - INFO - Status: Queue=1, In Progress=0, Completed=0, Failed=0
2025-04-14 21:16:00,226 - Master - INFO - Status: Queue=1, In Progress=0, Completed=0, Failed=0
2025-04-14 21:16:00,314 - Master - INFO - Status: Queue=1, In Progress=0, Completed=0, Failed=0
2025-04-14 21:16:00,319 - Master - INFO - Status: Queue=1, In Progress=0, Completed=0, Failed=0
2025-04-14 21:16:00,326 - Master - INFO - Status: Queue=1, In Progress=0, Completed=0, Failed=0
2025-04-14 21:16:00,415 - Master - INFO - Status: Queue=1, In Progress=0, Completed=0, Failed=0
2025-04-14 21:16:00,421 - Master - INFO - Status: Queue=1, In Progress=0, Completed=0, Failed=0
2025-04-14 21:16:00,428 - Master - INFO - Status: Queue=1, In Progress=0, Completed=0, Failed=0
2025-04-14 21:16:00,516 - Master - INFO - Status: Queue=1, In Progress=0, Completed=0, Failed=0
2025-04-14 21:16:00,522 - Master - INFO - Status: Queue=1, In Progress=0, Completed=0, Failed=0
2025-04-14 21:16:00,529 - Master - INFO - Status: Queue=1, In Progress=0, Completed=0, Failed=0
2025-04-14 21:16:00,617 - Master - INFO - Status: Queue=1, In Progress=0, Completed=0, Failed=0
2025-04-14 21:16:00,623 - Master - INFO - Status: Queue=1, In Progress=0, Completed=0, Failed=0
2025-04-14 21:16:00,630 - Master - INFO - Status: Queue=1, In Progress=0, Completed=0, Failed=0
2025-04-14 21:16:00,719 - Master - INFO - Status: Queue=1, In Progress=0, Completed=0, Failed=0
2025-04-14 21:16:00,724 - Master - INFO - Status: Queue=1, In Progress=0, Completed=0, Failed=0
2025-04-14 21:16:00,731 - Master - INFO - Status: Queue=1, In Progress=0, Completed=0, Failed=0
2025-04-14 21:16:00,820 - Master - INFO - Status: Queue=1, In Progress=0, Completed=0, Failed=0
2025-04-14 21:16:00,828 - Master - INFO - Status: Queue=1, In Progress=0, Completed=0, Failed=0
2025-04-14 21:16:00,832 - Master - INFO - Status: Queue=1, In Progress=0, Completed=0, Failed=0
2025-04-14 21:16:00,922 - Master - INFO - Status: Queue=1, In Progress=0, Completed=0, Failed=0
2025-04-14 21:16:00,929 - Master - INFO - Status: Queue=1, In Progress=0, Completed=0, Failed=0
2025-04-14 21:16:00,933 - Master - INFO - Status: Queue=1, In Progress=0, Completed=0, Failed=0
2025-04-14 21:17:39,621 - Master - INFO - Loaded configuration: {'seed_urls': ['youtube.com'], 'max_depth': 3, 'max_pages_per_domain': 1000, 'respect_robots': False, 'crawl_delay': 1.0, 'allowed_domains': [''], 'start_time': '2025-04-14T21:17:39.114691'}
2025-04-14 21:17:39,622 - Master - INFO - Active Crawler Nodes: [1]
2025-04-14 21:17:39,623 - Master - INFO - Active Indexer Nodes: [2]
2025-04-14 21:17:39,623 - Master - INFO - Loaded configuration: {'seed_urls': ['youtube.com'], 'max_depth': 3, 'max_pages_per_domain': 1000, 'respect_robots': False, 'crawl_delay': 1.0, 'allowed_domains': [''], 'start_time': '2025-04-14T21:17:39.114691'}
2025-04-14 21:17:39,624 - Master - INFO - Active Crawler Nodes: [1]
2025-04-14 21:17:39,624 - Master - INFO - Active Indexer Nodes: [2]
2025-04-14 21:17:39,625 - Master - INFO - Loaded configuration: {'seed_urls': ['youtube.com'], 'max_depth': 3, 'max_pages_per_domain': 1000, 'respect_robots': False, 'crawl_delay': 1.0, 'allowed_domains': [''], 'start_time': '2025-04-14T21:17:39.114691'}
2025-04-14 21:17:39,625 - Master - INFO - Active Crawler Nodes: [1]
2025-04-14 21:17:39,626 - Master - INFO - Active Indexer Nodes: [2]
2025-04-14 21:18:00,022 - Master - INFO - Status: Queue=1, In Progress=0, Completed=0, Failed=0
2025-04-14 21:18:00,023 - Master - INFO - Status: Queue=1, In Progress=0, Completed=0, Failed=0
2025-04-14 21:18:00,025 - Master - INFO - Status: Queue=1, In Progress=0, Completed=0, Failed=0
2025-04-14 21:18:00,123 - Master - INFO - Status: Queue=1, In Progress=0, Completed=0, Failed=0
2025-04-14 21:18:00,124 - Master - INFO - Status: Queue=1, In Progress=0, Completed=0, Failed=0
2025-04-14 21:18:00,126 - Master - INFO - Status: Queue=1, In Progress=0, Completed=0, Failed=0
2025-04-14 21:18:00,228 - Master - INFO - Status: Queue=1, In Progress=0, Completed=0, Failed=0
2025-04-14 21:18:00,232 - Master - INFO - Status: Queue=1, In Progress=0, Completed=0, Failed=0
2025-04-14 21:18:00,233 - Master - INFO - Status: Queue=1, In Progress=0, Completed=0, Failed=0
2025-04-14 21:18:00,328 - Master - INFO - Status: Queue=1, In Progress=0, Completed=0, Failed=0
2025-04-14 21:18:00,333 - Master - INFO - Status: Queue=1, In Progress=0, Completed=0, Failed=0
2025-04-14 21:18:00,334 - Master - INFO - Status: Queue=1, In Progress=0, Completed=0, Failed=0
2025-04-14 21:18:00,430 - Master - INFO - Status: Queue=1, In Progress=0, Completed=0, Failed=0
2025-04-14 21:18:00,434 - Master - INFO - Status: Queue=1, In Progress=0, Completed=0, Failed=0
2025-04-14 21:18:00,435 - Master - INFO - Status: Queue=1, In Progress=0, Completed=0, Failed=0
2025-04-14 21:18:00,541 - Master - INFO - Status: Queue=1, In Progress=0, Completed=0, Failed=0
2025-04-14 21:18:00,541 - Master - INFO - Status: Queue=1, In Progress=0, Completed=0, Failed=0
2025-04-14 21:18:00,542 - Master - INFO - Status: Queue=1, In Progress=0, Completed=0, Failed=0
2025-04-14 21:18:00,642 - Master - INFO - Status: Queue=1, In Progress=0, Completed=0, Failed=0
2025-04-14 21:18:00,643 - Master - INFO - Status: Queue=1, In Progress=0, Completed=0, Failed=0
2025-04-14 21:18:00,648 - Master - INFO - Status: Queue=1, In Progress=0, Completed=0, Failed=0
2025-04-14 21:18:00,744 - Master - INFO - Status: Queue=1, In Progress=0, Completed=0, Failed=0
2025-04-14 21:18:00,749 - Master - INFO - Status: Queue=1, In Progress=0, Completed=0, Failed=0
2025-04-14 21:18:00,845 - Master - INFO - Status: Queue=1, In Progress=0, Completed=0, Failed=0
2025-04-14 21:18:00,845 - Master - INFO - Status: Queue=1, In Progress=0, Completed=0, Failed=0
2025-04-14 21:18:00,850 - Master - INFO - Status: Queue=1, In Progress=0, Completed=0, Failed=0
2025-04-14 21:18:00,945 - Master - INFO - Status: Queue=1, In Progress=0, Completed=0, Failed=0
2025-04-14 21:18:00,945 - Master - INFO - Status: Queue=1, In Progress=0, Completed=0, Failed=0
2025-04-14 21:18:00,951 - Master - INFO - Status: Queue=1, In Progress=0, Completed=0, Failed=0
2025-04-14 21:18:01,829 - Master - INFO - Loaded configuration: {'seed_urls': ['google.com'], 'max_depth': 3, 'max_pages_per_domain': 1000, 'respect_robots': False, 'crawl_delay': 1.0, 'allowed_domains': [''], 'start_time': '2025-04-14T21:18:01.392268'}
2025-04-14 21:18:01,829 - Master - INFO - Loaded configuration: {'seed_urls': ['google.com'], 'max_depth': 3, 'max_pages_per_domain': 1000, 'respect_robots': False, 'crawl_delay': 1.0, 'allowed_domains': [''], 'start_time': '2025-04-14T21:18:01.392268'}
2025-04-14 21:18:01,829 - Master - INFO - Loaded configuration: {'seed_urls': ['google.com'], 'max_depth': 3, 'max_pages_per_domain': 1000, 'respect_robots': False, 'crawl_delay': 1.0, 'allowed_domains': [''], 'start_time': '2025-04-14T21:18:01.392268'}
2025-04-14 21:18:01,829 - Master - INFO - Active Crawler Nodes: [1]
2025-04-14 21:18:01,829 - Master - INFO - Active Indexer Nodes: [2]
2025-04-14 21:18:01,829 - Master - INFO - Active Indexer Nodes: [2]
2025-04-14 21:18:01,829 - Master - INFO - Active Crawler Nodes: [1]
2025-04-14 21:18:01,830 - Master - INFO - Active Indexer Nodes: [2]
2025-04-14 21:19:00,100 - Master - INFO - Status: Queue=1, In Progress=0, Completed=0, Failed=0
2025-04-14 21:19:00,200 - Master - INFO - Status: Queue=1, In Progress=0, Completed=0, Failed=0
2025-04-14 21:19:00,301 - Master - INFO - Status: Queue=1, In Progress=0, Completed=0, Failed=0
2025-04-14 21:19:00,301 - Master - INFO - Status: Queue=1, In Progress=0, Completed=0, Failed=0
2025-04-14 21:19:00,402 - Master - INFO - Status: Queue=1, In Progress=0, Completed=0, Failed=0
2025-04-14 21:19:00,402 - Master - INFO - Status: Queue=1, In Progress=0, Completed=0, Failed=0
2025-04-14 21:19:00,402 - Master - INFO - Status: Queue=1, In Progress=0, Completed=0, Failed=0
2025-04-14 21:19:00,503 - Master - INFO - Status: Queue=1, In Progress=0, Completed=0, Failed=0
2025-04-14 21:19:00,506 - Master - INFO - Status: Queue=1, In Progress=0, Completed=0, Failed=0
2025-04-14 21:19:00,605 - Master - INFO - Status: Queue=1, In Progress=0, Completed=0, Failed=0
2025-04-14 21:19:00,608 - Master - INFO - Status: Queue=1, In Progress=0, Completed=0, Failed=0
2025-04-14 21:19:00,706 - Master - INFO - Status: Queue=1, In Progress=0, Completed=0, Failed=0
2025-04-14 21:19:00,710 - Master - INFO - Status: Queue=1, In Progress=0, Completed=0, Failed=0
2025-04-14 21:19:00,808 - Master - INFO - Status: Queue=1, In Progress=0, Completed=0, Failed=0
2025-04-14 21:19:00,810 - Master - INFO - Status: Queue=1, In Progress=0, Completed=0, Failed=0
2025-04-14 21:19:00,909 - Master - INFO - Status: Queue=1, In Progress=0, Completed=0, Failed=0
2025-04-14 21:19:00,911 - Master - INFO - Status: Queue=1, In Progress=0, Completed=0, Failed=0
2025-04-14 21:22:23,239 - Master - INFO - Loaded configuration: {'seed_urls': ['https://www.youtube.com/watch?v=c72PpwlZVSA'], 'max_depth': 3, 'max_pages_per_domain': 1000, 'respect_robots': False, 'crawl_delay': 1.0, 'allowed_domains': [''], 'start_time': '2025-04-14T21:22:22.740730'}
2025-04-14 21:22:23,239 - Master - INFO - Loaded configuration: {'seed_urls': ['https://www.youtube.com/watch?v=c72PpwlZVSA'], 'max_depth': 3, 'max_pages_per_domain': 1000, 'respect_robots': False, 'crawl_delay': 1.0, 'allowed_domains': [''], 'start_time': '2025-04-14T21:22:22.740730'}
2025-04-14 21:22:23,240 - Master - INFO - Active Crawler Nodes: [1]
2025-04-14 21:22:23,240 - Master - INFO - Active Crawler Nodes: [1]
2025-04-14 21:22:23,240 - Master - INFO - Active Crawler Nodes: [1]
2025-04-14 21:22:23,240 - Master - INFO - Active Indexer Nodes: [2]
2025-04-14 21:22:23,240 - Master - INFO - Active Indexer Nodes: [2]
2025-04-14 21:23:00,048 - Master - INFO - Status: Queue=1, In Progress=0, Completed=0, Failed=0
2025-04-14 21:23:00,049 - Master - INFO - Status: Queue=1, In Progress=0, Completed=0, Failed=0
2025-04-14 21:23:00,050 - Master - INFO - Status: Queue=1, In Progress=0, Completed=0, Failed=0
2025-04-14 21:23:00,149 - Master - INFO - Status: Queue=1, In Progress=0, Completed=0, Failed=0
2025-04-14 21:23:00,151 - Master - INFO - Status: Queue=1, In Progress=0, Completed=0, Failed=0
2025-04-14 21:23:00,154 - Master - INFO - Status: Queue=1, In Progress=0, Completed=0, Failed=0
2025-04-14 21:23:00,250 - Master - INFO - Status: Queue=1, In Progress=0, Completed=0, Failed=0
2025-04-14 21:23:00,252 - Master - INFO - Status: Queue=1, In Progress=0, Completed=0, Failed=0
2025-04-14 21:23:00,254 - Master - INFO - Status: Queue=1, In Progress=0, Completed=0, Failed=0
2025-04-14 21:23:00,352 - Master - INFO - Status: Queue=1, In Progress=0, Completed=0, Failed=0
2025-04-14 21:23:00,353 - Master - INFO - Status: Queue=1, In Progress=0, Completed=0, Failed=0
2025-04-14 21:23:00,356 - Master - INFO - Status: Queue=1, In Progress=0, Completed=0, Failed=0
2025-04-14 21:23:00,454 - Master - INFO - Status: Queue=1, In Progress=0, Completed=0, Failed=0
2025-04-14 21:23:00,457 - Master - INFO - Status: Queue=1, In Progress=0, Completed=0, Failed=0
2025-04-14 21:23:00,459 - Master - INFO - Status: Queue=1, In Progress=0, Completed=0, Failed=0
2025-04-14 21:23:00,557 - Master - INFO - Status: Queue=1, In Progress=0, Completed=0, Failed=0
2025-04-14 21:23:00,559 - Master - INFO - Status: Queue=1, In Progress=0, Completed=0, Failed=0
2025-04-14 21:23:00,560 - Master - INFO - Status: Queue=1, In Progress=0, Completed=0, Failed=0
2025-04-14 21:23:00,659 - Master - INFO - Status: Queue=1, In Progress=0, Completed=0, Failed=0
2025-04-14 21:23:00,661 - Master - INFO - Status: Queue=1, In Progress=0, Completed=0, Failed=0
2025-04-14 21:23:00,761 - Master - INFO - Status: Queue=1, In Progress=0, Completed=0, Failed=0
2025-04-14 21:23:00,763 - Master - INFO - Status: Queue=1, In Progress=0, Completed=0, Failed=0
2025-04-14 21:23:00,862 - Master - INFO - Status: Queue=1, In Progress=0, Completed=0, Failed=0
2025-04-14 21:23:00,864 - Master - INFO - Status: Queue=1, In Progress=0, Completed=0, Failed=0
2025-04-14 21:23:00,962 - Master - INFO - Status: Queue=1, In Progress=0, Completed=0, Failed=0
2025-04-14 21:23:00,965 - Master - INFO - Status: Queue=1, In Progress=0, Completed=0, Failed=0
2025-04-14 21:23:43,609 - Master - INFO - Loaded configuration: {'seed_urls': ['https://www.youtube.com/watch?v=c72PpwlZVSA', 'google.com'], 'max_depth': 3, 'max_pages_per_domain': 1000, 'respect_robots': False, 'crawl_delay': 1.0, 'allowed_domains': [''], 'start_time': '2025-04-14T21:23:43.136704'}
2025-04-14 21:23:43,609 - Master - INFO - Loaded configuration: {'seed_urls': ['https://www.youtube.com/watch?v=c72PpwlZVSA', 'google.com'], 'max_depth': 3, 'max_pages_per_domain': 1000, 'respect_robots': False, 'crawl_delay': 1.0, 'allowed_domains': [''], 'start_time': '2025-04-14T21:23:43.136704'}
2025-04-14 21:23:43,609 - Master - INFO - Active Crawler Nodes: [1]
2025-04-14 21:23:43,609 - Master - INFO - Loaded configuration: {'seed_urls': ['https://www.youtube.com/watch?v=c72PpwlZVSA', 'google.com'], 'max_depth': 3, 'max_pages_per_domain': 1000, 'respect_robots': False, 'crawl_delay': 1.0, 'allowed_domains': [''], 'start_time': '2025-04-14T21:23:43.136704'}
2025-04-14 21:23:43,609 - Master - INFO - Active Indexer Nodes: [2]
2025-04-14 21:23:43,609 - Master - INFO - Active Crawler Nodes: [1]
2025-04-14 21:23:43,610 - Master - INFO - Active Indexer Nodes: [2]
2025-04-14 21:23:43,610 - Master - INFO - Active Crawler Nodes: [1]
2025-04-14 21:23:43,610 - Master - INFO - Active Indexer Nodes: [2]
2025-04-14 21:24:00,050 - Master - INFO - Status: Queue=2, In Progress=0, Completed=0, Failed=0
2025-04-14 21:24:00,051 - Master - INFO - Status: Queue=2, In Progress=0, Completed=0, Failed=0
2025-04-14 21:24:00,150 - Master - INFO - Status: Queue=2, In Progress=0, Completed=0, Failed=0
2025-04-14 21:24:00,152 - Master - INFO - Status: Queue=2, In Progress=0, Completed=0, Failed=0
2025-04-14 21:24:00,251 - Master - INFO - Status: Queue=2, In Progress=0, Completed=0, Failed=0
2025-04-14 21:24:00,255 - Master - INFO - Status: Queue=2, In Progress=0, Completed=0, Failed=0
2025-04-14 21:24:00,351 - Master - INFO - Status: Queue=2, In Progress=0, Completed=0, Failed=0
2025-04-14 21:24:00,356 - Master - INFO - Status: Queue=2, In Progress=0, Completed=0, Failed=0
2025-04-14 21:24:00,452 - Master - INFO - Status: Queue=2, In Progress=0, Completed=0, Failed=0
2025-04-14 21:24:00,457 - Master - INFO - Status: Queue=2, In Progress=0, Completed=0, Failed=0
2025-04-14 21:24:00,554 - Master - INFO - Status: Queue=2, In Progress=0, Completed=0, Failed=0
2025-04-14 21:24:00,557 - Master - INFO - Status: Queue=2, In Progress=0, Completed=0, Failed=0
2025-04-14 21:24:00,655 - Master - INFO - Status: Queue=2, In Progress=0, Completed=0, Failed=0
2025-04-14 21:24:00,658 - Master - INFO - Status: Queue=2, In Progress=0, Completed=0, Failed=0
2025-04-14 21:24:00,756 - Master - INFO - Status: Queue=2, In Progress=0, Completed=0, Failed=0
2025-04-14 21:24:00,759 - Master - INFO - Status: Queue=2, In Progress=0, Completed=0, Failed=0
2025-04-14 21:24:00,759 - Master - INFO - Status: Queue=2, In Progress=0, Completed=0, Failed=0
2025-04-14 21:24:00,862 - Master - INFO - Status: Queue=2, In Progress=0, Completed=0, Failed=0
2025-04-14 21:24:00,862 - Master - INFO - Status: Queue=2, In Progress=0, Completed=0, Failed=0
2025-04-14 21:24:00,863 - Master - INFO - Status: Queue=2, In Progress=0, Completed=0, Failed=0
2025-04-14 21:24:00,964 - Master - INFO - Status: Queue=2, In Progress=0, Completed=0, Failed=0
2025-04-14 21:24:00,965 - Master - INFO - Status: Queue=2, In Progress=0, Completed=0, Failed=0
2025-04-14 21:24:00,965 - Master - INFO - Status: Queue=2, In Progress=0, Completed=0, Failed=0
2025-04-14 21:29:54,962 - Master - INFO - Loaded configuration: {'seed_urls': ['youtube.com'], 'max_depth': 3, 'max_pages_per_domain': 1000, 'respect_robots': False, 'crawl_delay': 1.0, 'allowed_domains': [''], 'start_time': '2025-04-14T21:29:54.502776'}
2025-04-14 21:29:54,963 - Master - INFO - Active Crawler Nodes: [1]
2025-04-14 21:29:54,963 - Master - INFO - Active Indexer Nodes: [2]
2025-04-14 21:29:54,965 - Master - INFO - Loaded configuration: {'seed_urls': ['youtube.com'], 'max_depth': 3, 'max_pages_per_domain': 1000, 'respect_robots': False, 'crawl_delay': 1.0, 'allowed_domains': [''], 'start_time': '2025-04-14T21:29:54.502776'}
2025-04-14 21:29:54,966 - Master - INFO - Active Crawler Nodes: [1]
2025-04-14 21:29:54,966 - Master - INFO - Active Indexer Nodes: [2]
2025-04-14 21:29:54,967 - Master - INFO - Loaded configuration: {'seed_urls': ['youtube.com'], 'max_depth': 3, 'max_pages_per_domain': 1000, 'respect_robots': False, 'crawl_delay': 1.0, 'allowed_domains': [''], 'start_time': '2025-04-14T21:29:54.502776'}
2025-04-14 21:29:54,967 - Master - INFO - Active Crawler Nodes: [1]
2025-04-14 21:29:54,967 - Master - INFO - Active Indexer Nodes: [2]
2025-04-14 21:30:00,021 - Master - INFO - Status: Queue=1, In Progress=0, Completed=0, Failed=0
2025-04-14 21:30:00,028 - Master - INFO - Status: Queue=1, In Progress=0, Completed=0, Failed=0
2025-04-14 21:30:00,124 - Master - INFO - Status: Queue=1, In Progress=0, Completed=0, Failed=0
2025-04-14 21:30:00,128 - Master - INFO - Status: Queue=1, In Progress=0, Completed=0, Failed=0
2025-04-14 21:30:00,129 - Master - INFO - Status: Queue=1, In Progress=0, Completed=0, Failed=0
2025-04-14 21:30:00,226 - Master - INFO - Status: Queue=1, In Progress=0, Completed=0, Failed=0
2025-04-14 21:30:00,231 - Master - INFO - Status: Queue=1, In Progress=0, Completed=0, Failed=0
2025-04-14 21:30:00,229 - Master - INFO - Status: Queue=1, In Progress=0, Completed=0, Failed=0
2025-04-14 21:30:00,327 - Master - INFO - Status: Queue=1, In Progress=0, Completed=0, Failed=0
2025-04-14 21:30:00,333 - Master - INFO - Status: Queue=1, In Progress=0, Completed=0, Failed=0
2025-04-14 21:30:00,333 - Master - INFO - Status: Queue=1, In Progress=0, Completed=0, Failed=0
2025-04-14 21:30:00,428 - Master - INFO - Status: Queue=1, In Progress=0, Completed=0, Failed=0
2025-04-14 21:30:00,433 - Master - INFO - Status: Queue=1, In Progress=0, Completed=0, Failed=0
2025-04-14 21:30:00,434 - Master - INFO - Status: Queue=1, In Progress=0, Completed=0, Failed=0
2025-04-14 21:30:00,529 - Master - INFO - Status: Queue=1, In Progress=0, Completed=0, Failed=0
2025-04-14 21:30:00,534 - Master - INFO - Status: Queue=1, In Progress=0, Completed=0, Failed=0
2025-04-14 21:30:00,535 - Master - INFO - Status: Queue=1, In Progress=0, Completed=0, Failed=0
2025-04-14 21:30:00,629 - Master - INFO - Status: Queue=1, In Progress=0, Completed=0, Failed=0
2025-04-14 21:30:00,635 - Master - INFO - Status: Queue=1, In Progress=0, Completed=0, Failed=0
2025-04-14 21:30:00,730 - Master - INFO - Status: Queue=1, In Progress=0, Completed=0, Failed=0
2025-04-14 21:30:00,736 - Master - INFO - Status: Queue=1, In Progress=0, Completed=0, Failed=0
2025-04-14 21:30:00,830 - Master - INFO - Status: Queue=1, In Progress=0, Completed=0, Failed=0
2025-04-14 21:30:00,837 - Master - INFO - Status: Queue=1, In Progress=0, Completed=0, Failed=0
2025-04-14 21:30:00,931 - Master - INFO - Status: Queue=1, In Progress=0, Completed=0, Failed=0
2025-04-14 21:30:00,937 - Master - INFO - Status: Queue=1, In Progress=0, Completed=0, Failed=0
2025-04-14 21:31:00,056 - Master - INFO - Status: Queue=1, In Progress=0, Completed=0, Failed=0
2025-04-14 21:31:00,059 - Master - INFO - Status: Queue=1, In Progress=0, Completed=0, Failed=0
2025-04-14 21:31:00,091 - Master - INFO - Status: Queue=1, In Progress=0, Completed=0, Failed=0
2025-04-14 21:31:00,157 - Master - INFO - Status: Queue=1, In Progress=0, Completed=0, Failed=0
2025-04-14 21:31:00,159 - Master - INFO - Status: Queue=1, In Progress=0, Completed=0, Failed=0
2025-04-14 21:31:00,192 - Master - INFO - Status: Queue=1, In Progress=0, Completed=0, Failed=0
2025-04-14 21:31:00,258 - Master - INFO - Status: Queue=1, In Progress=0, Completed=0, Failed=0
2025-04-14 21:31:00,260 - Master - INFO - Status: Queue=1, In Progress=0, Completed=0, Failed=0
2025-04-14 21:31:00,293 - Master - INFO - Status: Queue=1, In Progress=0, Completed=0, Failed=0
2025-04-14 21:31:00,358 - Master - INFO - Status: Queue=1, In Progress=0, Completed=0, Failed=0
2025-04-14 21:31:00,361 - Master - INFO - Status: Queue=1, In Progress=0, Completed=0, Failed=0
2025-04-14 21:31:00,393 - Master - INFO - Status: Queue=1, In Progress=0, Completed=0, Failed=0
2025-04-14 21:31:00,459 - Master - INFO - Status: Queue=1, In Progress=0, Completed=0, Failed=0
2025-04-14 21:31:00,461 - Master - INFO - Status: Queue=1, In Progress=0, Completed=0, Failed=0
2025-04-14 21:31:00,500 - Master - INFO - Status: Queue=1, In Progress=0, Completed=0, Failed=0
2025-04-14 21:31:00,561 - Master - INFO - Status: Queue=1, In Progress=0, Completed=0, Failed=0
2025-04-14 21:31:00,562 - Master - INFO - Status: Queue=1, In Progress=0, Completed=0, Failed=0
2025-04-14 21:31:00,602 - Master - INFO - Status: Queue=1, In Progress=0, Completed=0, Failed=0
2025-04-14 21:31:00,664 - Master - INFO - Status: Queue=1, In Progress=0, Completed=0, Failed=0
2025-04-14 21:31:00,665 - Master - INFO - Status: Queue=1, In Progress=0, Completed=0, Failed=0
2025-04-14 21:31:00,703 - Master - INFO - Status: Queue=1, In Progress=0, Completed=0, Failed=0
2025-04-14 21:31:00,766 - Master - INFO - Status: Queue=1, In Progress=0, Completed=0, Failed=0
2025-04-14 21:31:00,768 - Master - INFO - Status: Queue=1, In Progress=0, Completed=0, Failed=0
2025-04-14 21:31:00,806 - Master - INFO - Status: Queue=1, In Progress=0, Completed=0, Failed=0
2025-04-14 21:31:00,868 - Master - INFO - Status: Queue=1, In Progress=0, Completed=0, Failed=0
2025-04-14 21:31:00,871 - Master - INFO - Status: Queue=1, In Progress=0, Completed=0, Failed=0
2025-04-14 21:31:00,907 - Master - INFO - Status: Queue=1, In Progress=0, Completed=0, Failed=0
2025-04-14 21:31:00,969 - Master - INFO - Status: Queue=1, In Progress=0, Completed=0, Failed=0
2025-04-14 21:31:00,973 - Master - INFO - Status: Queue=1, In Progress=0, Completed=0, Failed=0
2025-04-14 21:32:10,692 - Master - INFO - Loaded configuration: {'seed_urls': ['https://www.youtube.com/watch?v=c72PpwlZVSA'], 'max_depth': 3, 'max_pages_per_domain': 1000, 'respect_robots': False, 'crawl_delay': 1.0, 'allowed_domains': [''], 'start_time': '2025-04-14T21:32:10.306569'}
2025-04-14 21:32:10,692 - Master - INFO - Loaded configuration: {'seed_urls': ['https://www.youtube.com/watch?v=c72PpwlZVSA'], 'max_depth': 3, 'max_pages_per_domain': 1000, 'respect_robots': False, 'crawl_delay': 1.0, 'allowed_domains': [''], 'start_time': '2025-04-14T21:32:10.306569'}
2025-04-14 21:32:10,692 - Master - INFO - Loaded configuration: {'seed_urls': ['https://www.youtube.com/watch?v=c72PpwlZVSA'], 'max_depth': 3, 'max_pages_per_domain': 1000, 'respect_robots': False, 'crawl_delay': 1.0, 'allowed_domains': [''], 'start_time': '2025-04-14T21:32:10.306569'}
2025-04-14 21:32:10,693 - Master - INFO - Active Crawler Nodes: [1]
2025-04-14 21:32:10,693 - Master - INFO - Active Crawler Nodes: [1]
2025-04-14 21:32:10,693 - Master - INFO - Active Indexer Nodes: [2]
2025-04-14 21:32:10,693 - Master - INFO - Active Indexer Nodes: [2]
2025-04-14 21:32:10,693 - Master - INFO - Active Crawler Nodes: [1]
2025-04-14 21:32:10,693 - Master - INFO - Active Indexer Nodes: [2]
2025-04-14 21:33:00,059 - Master - INFO - Status: Queue=1, In Progress=0, Completed=0, Failed=0
2025-04-14 21:33:00,061 - Master - INFO - Status: Queue=1, In Progress=0, Completed=0, Failed=0
2025-04-14 21:33:00,098 - Master - INFO - Status: Queue=1, In Progress=0, Completed=0, Failed=0
2025-04-14 21:33:00,159 - Master - INFO - Status: Queue=1, In Progress=0, Completed=0, Failed=0
2025-04-14 21:33:00,161 - Master - INFO - Status: Queue=1, In Progress=0, Completed=0, Failed=0
2025-04-14 21:33:00,198 - Master - INFO - Status: Queue=1, In Progress=0, Completed=0, Failed=0
2025-04-14 21:33:00,260 - Master - INFO - Status: Queue=1, In Progress=0, Completed=0, Failed=0
2025-04-14 21:33:00,261 - Master - INFO - Status: Queue=1, In Progress=0, Completed=0, Failed=0
2025-04-14 21:33:00,299 - Master - INFO - Status: Queue=1, In Progress=0, Completed=0, Failed=0
2025-04-14 21:33:00,360 - Master - INFO - Status: Queue=1, In Progress=0, Completed=0, Failed=0
2025-04-14 21:33:00,362 - Master - INFO - Status: Queue=1, In Progress=0, Completed=0, Failed=0
2025-04-14 21:33:00,412 - Master - INFO - Status: Queue=1, In Progress=0, Completed=0, Failed=0
2025-04-14 21:33:00,466 - Master - INFO - Status: Queue=1, In Progress=0, Completed=0, Failed=0
2025-04-14 21:33:00,466 - Master - INFO - Status: Queue=1, In Progress=0, Completed=0, Failed=0
2025-04-14 21:33:00,529 - Master - INFO - Status: Queue=1, In Progress=0, Completed=0, Failed=0
2025-04-14 21:33:00,568 - Master - INFO - Status: Queue=1, In Progress=0, Completed=0, Failed=0
2025-04-14 21:33:00,571 - Master - INFO - Status: Queue=1, In Progress=0, Completed=0, Failed=0
2025-04-14 21:33:00,630 - Master - INFO - Status: Queue=1, In Progress=0, Completed=0, Failed=0
2025-04-14 21:33:00,670 - Master - INFO - Status: Queue=1, In Progress=0, Completed=0, Failed=0
2025-04-14 21:33:00,672 - Master - INFO - Status: Queue=1, In Progress=0, Completed=0, Failed=0
2025-04-14 21:33:00,731 - Master - INFO - Status: Queue=1, In Progress=0, Completed=0, Failed=0
2025-04-14 21:33:00,771 - Master - INFO - Status: Queue=1, In Progress=0, Completed=0, Failed=0
2025-04-14 21:33:00,773 - Master - INFO - Status: Queue=1, In Progress=0, Completed=0, Failed=0
2025-04-14 21:33:00,832 - Master - INFO - Status: Queue=1, In Progress=0, Completed=0, Failed=0
2025-04-14 21:33:00,872 - Master - INFO - Status: Queue=1, In Progress=0, Completed=0, Failed=0
2025-04-14 21:33:00,874 - Master - INFO - Status: Queue=1, In Progress=0, Completed=0, Failed=0
2025-04-14 21:33:00,932 - Master - INFO - Status: Queue=1, In Progress=0, Completed=0, Failed=0
2025-04-14 21:33:00,974 - Master - INFO - Status: Queue=1, In Progress=0, Completed=0, Failed=0
2025-04-14 21:33:00,975 - Master - INFO - Status: Queue=1, In Progress=0, Completed=0, Failed=0
2025-04-14 21:36:02,296 - Master - INFO - Loaded configuration: {'seed_urls': ['google.com'], 'max_depth': 3, 'max_pages_per_domain': 1000, 'respect_robots': False, 'crawl_delay': 1.0, 'allowed_domains': [''], 'start_time': '2025-04-14T21:36:01.858079'}
2025-04-14 21:36:02,297 - Master - INFO - Active Crawler Nodes: [1]
2025-04-14 21:36:02,297 - Master - INFO - Active Indexer Nodes: [2]
2025-04-14 21:36:02,297 - Master - INFO - Loaded configuration: {'seed_urls': ['google.com'], 'max_depth': 3, 'max_pages_per_domain': 1000, 'respect_robots': False, 'crawl_delay': 1.0, 'allowed_domains': [''], 'start_time': '2025-04-14T21:36:01.858079'}
2025-04-14 21:36:02,298 - Master - INFO - Active Crawler Nodes: [1]
2025-04-14 21:36:02,298 - Master - INFO - Active Crawler Nodes: [1]
2025-04-14 21:36:02,298 - Master - INFO - Active Indexer Nodes: [2]
2025-04-14 21:36:02,298 - Master - INFO - Active Indexer Nodes: [2]
2025-04-14 21:36:39,198 - Master - INFO - Loaded configuration: {'seed_urls': ['https://www.youtube.com/watch?v=c72PpwlZVSA'], 'max_depth': 3, 'max_pages_per_domain': 1000, 'respect_robots': False, 'crawl_delay': 1.0, 'allowed_domains': [''], 'start_time': '2025-04-14T21:36:38.728951'}
2025-04-14 21:36:39,199 - Master - INFO - Active Crawler Nodes: [1]
2025-04-14 21:36:39,199 - Master - INFO - Active Indexer Nodes: [2]
2025-04-14 21:36:39,199 - Master - INFO - Loaded configuration: {'seed_urls': ['https://www.youtube.com/watch?v=c72PpwlZVSA'], 'max_depth': 3, 'max_pages_per_domain': 1000, 'respect_robots': False, 'crawl_delay': 1.0, 'allowed_domains': [''], 'start_time': '2025-04-14T21:36:38.728951'}
2025-04-14 21:36:39,200 - Master - INFO - Active Crawler Nodes: [1]
d_urls': ['https://www.youtube.com/watch?v=c72PpwlZVSA'], 'max_depth': 3, 'max_pages_per_domain': 1000, 'respect_robots': False, 'crawl_delay': 1.0, 'allowed_domains': [''], 'start_time': '2025-04-14T21:36:38.728951'}
2025-04-14 21:36:39,200 - Master - INFO - Active Indexer Nodes: [2]
2025-04-14 21:36:39,200 - Master - INFO - Active Crawler Nodes: [1]
2025-04-14 21:36:39,200 - Master - INFO - Active Indexer Nodes: [2]
2025-04-14 21:37:00,016 - Master - INFO - Status: Queue=1, In Progress=0, Completed=0, Failed=0
2025-04-14 21:37:00,016 - Master - INFO - Status: Queue=1, In Progress=0, Completed=0, Failed=0
2025-04-14 21:37:00,016 - Master - INFO - Status: Queue=1, In Progress=0, Completed=0, Failed=0
2025-04-14 21:37:00,116 - Master - INFO - Status: Queue=1, In Progress=0, Completed=0, Failed=0
2025-04-14 21:37:00,117 - Master - INFO - Status: Queue=1, In Progress=0, Completed=0, Failed=0
2025-04-14 21:37:00,217 - Master - INFO - Status: Queue=1, In Progress=0, Completed=0, Failed=0
2025-04-14 21:37:00,217 - Master - INFO - Status: Queue=1, In Progress=0, Completed=0, Failed=0
2025-04-14 21:37:00,317 - Master - INFO - Status: Queue=1, In Progress=0, Completed=0, Failed=0
2025-04-14 21:37:00,318 - Master - INFO - Status: Queue=1, In Progress=0, Completed=0, Failed=0
2025-04-14 21:37:00,418 - Master - INFO - Status: Queue=1, In Progress=0, Completed=0, Failed=0
2025-04-14 21:37:00,419 - Master - INFO - Status: Queue=1, In Progress=0, Completed=0, Failed=0
2025-04-14 21:37:00,519 - Master - INFO - Status: Queue=1, In Progress=0, Completed=0, Failed=0
2025-04-14 21:37:00,620 - Master - INFO - Status: Queue=1, In Progress=0, Completed=0, Failed=0
2025-04-14 21:37:00,721 - Master - INFO - Status: Queue=1, In Progress=0, Completed=0, Failed=0
2025-04-14 21:37:00,721 - Master - INFO - Status: Queue=1, In Progress=0, Completed=0, Failed=0
2025-04-14 21:37:00,721 - Master - INFO - Status: Queue=1, In Progress=0, Completed=0, Failed=0
2025-04-14 21:37:00,823 - Master - INFO - Status: Queue=1, In Progress=0, Completed=0, Failed=0
2025-04-14 21:37:00,823 - Master - INFO - Status: Queue=1, In Progress=0, Completed=0, Failed=0
2025-04-14 21:37:00,824 - Master - INFO - Status: Queue=1, In Progress=0, Completed=0, Failed=0
2025-04-14 21:37:00,927 - Master - INFO - Status: Queue=1, In Progress=0, Completed=0, Failed=0
2025-04-14 21:37:00,928 - Master - INFO - Status: Queue=1, In Progress=0, Completed=0, Failed=0
2025-04-14 21:37:00,927 - Master - INFO - Status: Queue=1, In Progress=0, Completed=0, Failed=0
2025-04-14 21:38:00,002 - Master - INFO - Status: Queue=1, In Progress=0, Completed=0, Failed=0
2025-04-14 21:38:00,004 - Master - INFO - Status: Queue=1, In Progress=0, Completed=0, Failed=0
2025-04-14 21:38:00,083 - Master - INFO - Status: Queue=1, In Progress=0, Completed=0, Failed=0
2025-04-14 21:38:00,103 - Master - INFO - Status: Queue=1, In Progress=0, Completed=0, Failed=0
2025-04-14 21:38:00,105 - Master - INFO - Status: Queue=1, In Progress=0, Completed=0, Failed=0
2025-04-14 21:38:00,185 - Master - INFO - Status: Queue=1, In Progress=0, Completed=0, Failed=0
2025-04-14 21:38:00,205 - Master - INFO - Status: Queue=1, In Progress=0, Completed=0, Failed=0
2025-04-14 21:38:00,207 - Master - INFO - Status: Queue=1, In Progress=0, Completed=0, Failed=0
2025-04-14 21:38:00,299 - Master - INFO - Status: Queue=1, In Progress=0, Completed=0, Failed=0
2025-04-14 21:38:00,307 - Master - INFO - Status: Queue=1, In Progress=0, Completed=0, Failed=0
2025-04-14 21:38:00,308 - Master - INFO - Status: Queue=1, In Progress=0, Completed=0, Failed=0
2025-04-14 21:38:00,400 - Master - INFO - Status: Queue=1, In Progress=0, Completed=0, Failed=0
2025-04-14 21:38:00,409 - Master - INFO - Status: Queue=1, In Progress=0, Completed=0, Failed=0
2025-04-14 21:38:00,409 - Master - INFO - Status: Queue=1, In Progress=0, Completed=0, Failed=0
2025-04-14 21:38:00,501 - Master - INFO - Status: Queue=1, In Progress=0, Completed=0, Failed=0
2025-04-14 21:38:00,510 - Master - INFO - Status: Queue=1, In Progress=0, Completed=0, Failed=0
2025-04-14 21:38:00,511 - Master - INFO - Status: Queue=1, In Progress=0, Completed=0, Failed=0
2025-04-14 21:38:00,608 - Master - INFO - Status: Queue=1, In Progress=0, Completed=0, Failed=0
2025-04-14 21:38:00,611 - Master - INFO - Status: Queue=1, In Progress=0, Completed=0, Failed=0
2025-04-14 21:38:00,614 - Master - INFO - Status: Queue=1, In Progress=0, Completed=0, Failed=0
2025-04-14 21:38:00,709 - Master - INFO - Status: Queue=1, In Progress=0, Completed=0, Failed=0
2025-04-14 21:38:00,712 - Master - INFO - Status: Queue=1, In Progress=0, Completed=0, Failed=0
2025-04-14 21:38:00,715 - Master - INFO - Status: Queue=1, In Progress=0, Completed=0, Failed=0
2025-04-14 21:38:00,810 - Master - INFO - Status: Queue=1, In Progress=0, Completed=0, Failed=0
2025-04-14 21:38:00,815 - Master - INFO - Status: Queue=1, In Progress=0, Completed=0, Failed=0
2025-04-14 21:38:00,817 - Master - INFO - Status: Queue=1, In Progress=0, Completed=0, Failed=0
2025-04-14 21:38:00,910 - Master - INFO - Status: Queue=1, In Progress=0, Completed=0, Failed=0
2025-04-14 21:38:00,916 - Master - INFO - Status: Queue=1, In Progress=0, Completed=0, Failed=0
2025-04-14 21:38:00,918 - Master - INFO - Status: Queue=1, In Progress=0, Completed=0, Failed=0
2025-04-14 21:40:25,835 - Master - INFO - Loaded configuration: {'seed_urls': ['https://www.youtube.com/watch?v=JxPsBhHfGJg'], 'max_depth': 3, 'max_pages_per_domain': 1000, 'respect_robots': False, 'crawl_delay': 1.0, 'allowed_domains': [''], 'start_time': '2025-04-14T21:40:25.473274'}
2025-04-14 21:40:25,836 - Master - INFO - Active Crawler Nodes: [1]
2025-04-14 21:40:25,836 - Master - INFO - Active Indexer Nodes: [2]
2025-04-14 21:41:00,090 - Master - INFO - Status: Queue=1, In Progress=0, Completed=0, Failed=0
2025-04-14 21:41:00,191 - Master - INFO - Status: Queue=1, In Progress=0, Completed=0, Failed=0
2025-04-14 21:41:00,291 - Master - INFO - Status: Queue=1, In Progress=0, Completed=0, Failed=0
2025-04-14 21:41:00,392 - Master - INFO - Status: Queue=1, In Progress=0, Completed=0, Failed=0
2025-04-14 21:41:00,492 - Master - INFO - Status: Queue=1, In Progress=0, Completed=0, Failed=0
2025-04-14 21:41:00,593 - Master - INFO - Status: Queue=1, In Progress=0, Completed=0, Failed=0
2025-04-14 21:41:00,695 - Master - INFO - Status: Queue=1, In Progress=0, Completed=0, Failed=0
2025-04-14 21:41:00,795 - Master - INFO - Status: Queue=1, In Progress=0, Completed=0, Failed=0
2025-04-14 21:41:00,896 - Master - INFO - Status: Queue=1, In Progress=0, Completed=0, Failed=0
2025-04-14 21:41:00,996 - Master - INFO - Status: Queue=1, In Progress=0, Completed=0, Failed=0
2025-04-14 21:42:00,099 - Master - INFO - Status: Queue=1, In Progress=0, Completed=0, Failed=0
2025-04-14 21:42:00,200 - Master - INFO - Status: Queue=1, In Progress=0, Completed=0, Failed=0
2025-04-14 21:42:00,300 - Master - INFO - Status: Queue=1, In Progress=0, Completed=0, Failed=0
2025-04-14 21:42:00,404 - Master - INFO - Status: Queue=1, In Progress=0, Completed=0, Failed=0
2025-04-14 21:42:00,505 - Master - INFO - Status: Queue=1, In Progress=0, Completed=0, Failed=0
2025-04-14 21:42:00,606 - Master - INFO - Status: Queue=1, In Progress=0, Completed=0, Failed=0
2025-04-14 21:42:00,706 - Master - INFO - Status: Queue=1, In Progress=0, Completed=0, Failed=0
2025-04-14 21:42:00,807 - Master - INFO - Status: Queue=1, In Progress=0, Completed=0, Failed=0
2025-04-14 21:42:00,907 - Master - INFO - Status: Queue=1, In Progress=0, Completed=0, Failed=0
2025-04-14 21:43:29,580 - Master - INFO - Loaded configuration: {'seed_urls': ['https://www.youtube.com/watch?v=JxPsBhHfGJg'], 'max_depth': 3, 'max_pages_per_domain': 1000, 'respect_robots': False, 'crawl_delay': 1.0, 'allowed_domains': [''], 'start_time': '2025-04-14T21:43:29.296463'}
2025-04-14 21:43:29,581 - Master - INFO - Active Crawler Nodes: [1]
2025-04-14 21:43:29,581 - Master - INFO - Active Indexer Nodes: [2]
2025-04-14 21:43:38,736 - Master - INFO - Loaded configuration: {'seed_urls': ['https://www.youtube.com/watch?v=JxPsBhHfGJg'], 'max_depth': 3, 'max_pages_per_domain': 1000, 'respect_robots': False, 'crawl_delay': 1.0, 'allowed_domains': [''], 'start_time': '2025-04-14T21:43:38.468761'}
2025-04-14 21:43:38,737 - Master - INFO - Active Crawler Nodes: [1]
2025-04-14 21:43:38,737 - Master - INFO - Active Indexer Nodes: [2]
2025-04-14 21:44:00,047 - Master - INFO - Status: Queue=1, In Progress=0, Completed=0, Failed=0
2025-04-14 21:44:00,147 - Master - INFO - Status: Queue=1, In Progress=0, Completed=0, Failed=0
2025-04-14 21:44:00,248 - Master - INFO - Status: Queue=1, In Progress=0, Completed=0, Failed=0
2025-04-14 21:44:00,349 - Master - INFO - Status: Queue=1, In Progress=0, Completed=0, Failed=0
2025-04-14 21:44:00,449 - Master - INFO - Status: Queue=1, In Progress=0, Completed=0, Failed=0
2025-04-14 21:44:00,550 - Master - INFO - Status: Queue=1, In Progress=0, Completed=0, Failed=0
2025-04-14 21:44:00,651 - Master - INFO - Status: Queue=1, In Progress=0, Completed=0, Failed=0
2025-04-14 21:44:00,751 - Master - INFO - Status: Queue=1, In Progress=0, Completed=0, Failed=0
2025-04-14 21:44:00,852 - Master - INFO - Status: Queue=1, In Progress=0, Completed=0, Failed=0
2025-04-14 21:44:00,953 - Master - INFO - Status: Queue=1, In Progress=0, Completed=0, Failed=0
2025-04-14 21:45:00,076 - Master - INFO - Status: Queue=1, In Progress=0, Completed=0, Failed=0
2025-04-14 21:45:00,176 - Master - INFO - Status: Queue=1, In Progress=0, Completed=0, Failed=0
2025-04-14 21:45:00,277 - Master - INFO - Status: Queue=1, In Progress=0, Completed=0, Failed=0
2025-04-14 21:45:00,377 - Master - INFO - Status: Queue=1, In Progress=0, Completed=0, Failed=0
2025-04-14 21:45:00,478 - Master - INFO - Status: Queue=1, In Progress=0, Completed=0, Failed=0
2025-04-14 21:45:00,578 - Master - INFO - Status: Queue=1, In Progress=0, Completed=0, Failed=0
2025-04-14 21:45:00,679 - Master - INFO - Status: Queue=1, In Progress=0, Completed=0, Failed=0
2025-04-14 21:45:00,780 - Master - INFO - Status: Queue=1, In Progress=0, Completed=0, Failed=0
2025-04-14 21:45:01,143 - Master - INFO - Loaded configuration: {'seed_urls': ['https://www.youtube.com/watch?v=JxPsBhHfGJg', 'google.com'], 'max_depth': 3, 'max_pages_per_domain': 1000, 'respect_robots': False, 'crawl_delay': 1.0, 'allowed_domains': [''], 'start_time': '2025-04-14T21:45:00.820186'}
2025-04-14 21:45:01,143 - Master - INFO - Active Crawler Nodes: [1]
2025-04-14 21:45:01,143 - Master - INFO - Active Indexer Nodes: [2]
2025-04-14 21:45:02,134 - Master - INFO - Loaded configuration: {'seed_urls': ['https://www.youtube.com/watch?v=JxPsBhHfGJg', 'google.com'], 'max_depth': 3, 'max_pages_per_domain': 1000, 'respect_robots': False, 'crawl_delay': 1.0, 'allowed_domains': [''], 'start_time': '2025-04-14T21:45:01.884785'}
2025-04-14 21:45:02,134 - Master - INFO - Active Crawler Nodes: [1]
2025-04-14 21:45:02,134 - Master - INFO - Active Indexer Nodes: [2]
2025-04-14 21:45:29,713 - Master - INFO - Loaded configuration: {'seed_urls': ['https://www.youtube.com/watch?v=JxPsBhHfGJg', 'https://www.youtube.com/watch?v=g6e90XsBnn0'], 'max_depth': 3, 'max_pages_per_domain': 1000, 'respect_robots': False, 'crawl_delay': 1.0, 'allowed_domains': [''], 'start_time': '2025-04-14T21:45:29.377189'}
2025-04-14 21:45:29,713 - Master - INFO - Active Crawler Nodes: [1]
2025-04-14 21:45:29,713 - Master - INFO - Active Indexer Nodes: [2]
2025-04-14 21:45:54,498 - Master - INFO - Loaded configuration: {'seed_urls': ['https://www.youtube.com/watch?v=JxPsBhHfGJg', 'https://www.youtube.com/watch?v=g6e90XsBnn0', 'https://lms.eng.asu.edu.eg/my/'], 'max_depth': 3, 'max_pages_per_domain': 1000, 'respect_robots': False, 'crawl_delay': 1.0, 'allowed_domains': [''], 'start_time': '2025-04-14T21:45:54.137371'}
2025-04-14 21:45:54,500 - Master - INFO - Active Crawler Nodes: [1]
2025-04-14 21:45:54,500 - Master - INFO - Active Indexer Nodes: [2]
2025-04-14 21:46:00,061 - Master - INFO - Status: Queue=3, In Progress=0, Completed=0, Failed=0
2025-04-14 21:46:00,162 - Master - INFO - Status: Queue=3, In Progress=0, Completed=0, Failed=0
2025-04-14 21:46:00,263 - Master - INFO - Status: Queue=3, In Progress=0, Completed=0, Failed=0
2025-04-14 21:46:00,363 - Master - INFO - Status: Queue=3, In Progress=0, Completed=0, Failed=0
2025-04-14 21:46:00,464 - Master - INFO - Status: Queue=3, In Progress=0, Completed=0, Failed=0
2025-04-14 21:46:00,564 - Master - INFO - Status: Queue=3, In Progress=0, Completed=0, Failed=0
2025-04-14 21:46:00,665 - Master - INFO - Status: Queue=3, In Progress=0, Completed=0, Failed=0
2025-04-14 21:46:00,766 - Master - INFO - Status: Queue=3, In Progress=0, Completed=0, Failed=0
2025-04-14 21:46:00,866 - Master - INFO - Status: Queue=3, In Progress=0, Completed=0, Failed=0
2025-04-14 21:46:00,967 - Master - INFO - Status: Queue=3, In Progress=0, Completed=0, Failed=0
2025-04-14 21:51:20,811 - Master - INFO - Loaded configuration: {'seed_urls': ['https://lms.eng.asu.edu.eg/my/'], 'max_depth': 3, 'max_pages_per_domain': 1000, 'respect_robots': False, 'crawl_delay': 1.0, 'allowed_domains': [''], 'start_time': '2025-04-14T21:51:20.554064'}
2025-04-14 21:51:20,811 - Master - INFO - Active Crawler Nodes: [1]
2025-04-14 21:51:20,811 - Master - INFO - Active Indexer Nodes: [2]
2025-04-14 21:52:00,098 - Master - INFO - Status: Queue=1, In Progress=0, Completed=0, Failed=0
2025-04-14 21:52:00,199 - Master - INFO - Status: Queue=1, In Progress=0, Completed=0, Failed=0
2025-04-14 21:52:00,300 - Master - INFO - Status: Queue=1, In Progress=0, Completed=0, Failed=0
2025-04-14 21:52:00,401 - Master - INFO - Status: Queue=1, In Progress=0, Completed=0, Failed=0
2025-04-14 21:52:00,502 - Master - INFO - Status: Queue=1, In Progress=0, Completed=0, Failed=0
2025-04-14 21:52:00,602 - Master - INFO - Status: Queue=1, In Progress=0, Completed=0, Failed=0
2025-04-14 21:52:00,703 - Master - INFO - Status: Queue=1, In Progress=0, Completed=0, Failed=0
2025-04-14 21:52:00,804 - Master - INFO - Status: Queue=1, In Progress=0, Completed=0, Failed=0
2025-04-14 21:52:00,904 - Master - INFO - Status: Queue=1, In Progress=0, Completed=0, Failed=0
2025-04-14 21:53:00,038 - Master - INFO - Status: Queue=1, In Progress=0, Completed=0, Failed=0
2025-04-14 21:53:00,139 - Master - INFO - Status: Queue=1, In Progress=0, Completed=0, Failed=0
2025-04-14 21:53:00,240 - Master - INFO - Status: Queue=1, In Progress=0, Completed=0, Failed=0
2025-04-14 21:53:00,341 - Master - INFO - Status: Queue=1, In Progress=0, Completed=0, Failed=0
2025-04-14 21:53:00,441 - Master - INFO - Status: Queue=1, In Progress=0, Completed=0, Failed=0
2025-04-14 21:53:00,543 - Master - INFO - Status: Queue=1, In Progress=0, Completed=0, Failed=0
2025-04-14 21:53:00,645 - Master - INFO - Status: Queue=1, In Progress=0, Completed=0, Failed=0
2025-04-14 21:53:00,747 - Master - INFO - Status: Queue=1, In Progress=0, Completed=0, Failed=0
2025-04-14 21:53:00,848 - Master - INFO - Status: Queue=1, In Progress=0, Completed=0, Failed=0
2025-04-14 21:53:00,949 - Master - INFO - Status: Queue=1, In Progress=0, Completed=0, Failed=0
2025-04-14 21:54:00,053 - Master - INFO - Status: Queue=1, In Progress=0, Completed=0, Failed=0
2025-04-14 21:54:00,155 - Master - INFO - Status: Queue=1, In Progress=0, Completed=0, Failed=0
2025-04-14 21:54:00,256 - Master - INFO - Status: Queue=1, In Progress=0, Completed=0, Failed=0
2025-04-14 21:54:00,357 - Master - INFO - Status: Queue=1, In Progress=0, Completed=0, Failed=0
2025-04-14 21:54:00,459 - Master - INFO - Status: Queue=1, In Progress=0, Completed=0, Failed=0
2025-04-14 21:54:00,562 - Master - INFO - Status: Queue=1, In Progress=0, Completed=0, Failed=0
2025-04-14 21:54:00,664 - Master - INFO - Status: Queue=1, In Progress=0, Completed=0, Failed=0
2025-04-14 21:54:00,765 - Master - INFO - Status: Queue=1, In Progress=0, Completed=0, Failed=0
2025-04-14 21:54:00,865 - Master - INFO - Status: Queue=1, In Progress=0, Completed=0, Failed=0
2025-04-14 21:54:00,965 - Master - INFO - Status: Queue=1, In Progress=0, Completed=0, Failed=0
2025-04-14 21:55:00,047 - Master - INFO - Status: Queue=1, In Progress=0, Completed=0, Failed=0
2025-04-14 21:55:00,149 - Master - INFO - Status: Queue=1, In Progress=0, Completed=0, Failed=0
2025-04-14 21:55:00,252 - Master - INFO - Status: Queue=1, In Progress=0, Completed=0, Failed=0
2025-04-14 21:55:00,355 - Master - INFO - Status: Queue=1, In Progress=0, Completed=0, Failed=0
2025-04-14 21:55:00,455 - Master - INFO - Status: Queue=1, In Progress=0, Completed=0, Failed=0
2025-04-14 21:55:00,556 - Master - INFO - Status: Queue=1, In Progress=0, Completed=0, Failed=0
2025-04-14 21:55:00,657 - Master - INFO - Status: Queue=1, In Progress=0, Completed=0, Failed=0
2025-04-14 21:55:00,758 - Master - INFO - Status: Queue=1, In Progress=0, Completed=0, Failed=0
2025-04-14 21:55:00,877 - Master - INFO - Status: Queue=1, In Progress=0, Completed=0, Failed=0
2025-04-14 21:55:00,981 - Master - INFO - Status: Queue=1, In Progress=0, Completed=0, Failed=0
